time=2025-02-21T18:03:35.998-05:00 level=INFO msg="Starting application"
time=2025-02-21T18:03:35.999-05:00 level=INFO msg="Starting firehose" server=https://bsky.social handle=palindrome-bot.bsky.social
time=2025-02-21T18:03:35.999-05:00 level=INFO msg="Starting health check server on :8080"
time=2025-02-21T18:03:37.000-05:00 level=INFO msg="Events per second" total=29 posts=2 "long posts"=1
time=2025-02-21T18:03:37.999-05:00 level=INFO msg="Events per second" total=276 posts=29 "long posts"=28
time=2025-02-21T18:03:39.000-05:00 level=INFO msg="Events per second" total=502 posts=44 "long posts"=42
time=2025-02-21T18:03:40.000-05:00 level=INFO msg="Events per second" total=579 posts=38 "long posts"=33
time=2025-02-21T18:03:40.999-05:00 level=INFO msg="Events per second" total=694 posts=58 "long posts"=54
time=2025-02-21T18:03:42.000-05:00 level=INFO msg="Events per second" total=846 posts=61 "long posts"=56
time=2025-02-21T18:03:43.000-05:00 level=INFO msg="Events per second" total=1364 posts=102 "long posts"=89
time=2025-02-21T18:03:44.000-05:00 level=INFO msg="Events per second" total=814 posts=58 "long posts"=56
time=2025-02-21T18:03:45.000-05:00 level=INFO msg="Events per second" total=653 posts=52 "long posts"=48
time=2025-02-21T18:03:46.000-05:00 level=INFO msg="Events per second" total=700 posts=52 "long posts"=47
time=2025-02-21T18:03:46.999-05:00 level=INFO msg="Events per second" total=685 posts=42 "long posts"=39
time=2025-02-21T18:03:47.999-05:00 level=INFO msg="Events per second" total=679 posts=39 "long posts"=38
time=2025-02-21T18:03:48.999-05:00 level=INFO msg="Events per second" total=683 posts=48 "long posts"=45
time=2025-02-21T18:03:49.999-05:00 level=INFO msg="Events per second" total=677 posts=51 "long posts"=49
time=2025-02-21T18:03:50.999-05:00 level=INFO msg="Events per second" total=729 posts=59 "long posts"=54
time=2025-02-21T18:03:52.000-05:00 level=INFO msg="Events per second" total=691 posts=54 "long posts"=50
time=2025-02-21T18:03:52.999-05:00 level=INFO msg="Events per second" total=734 posts=51 "long posts"=50
time=2025-02-21T18:06:16.183-05:00 level=INFO msg="Starting application"
time=2025-02-21T18:06:16.184-05:00 level=INFO msg="Starting firehose" server=https://bsky.social handle=palindrome-bot.bsky.social
time=2025-02-21T18:06:16.184-05:00 level=INFO msg="Starting health check server on :8080"
time=2025-02-21T18:06:17.185-05:00 level=INFO msg="Events per second" total=502 posts=49 "long posts"=48
time=2025-02-21T18:06:18.184-05:00 level=INFO msg="Events per second" total=724 posts=52 "long posts"=47
time=2025-02-21T18:06:19.184-05:00 level=INFO msg="Events per second" total=704 posts=60 "long posts"=57
time=2025-02-21T18:06:20.184-05:00 level=INFO msg="Events per second" total=747 posts=68 "long posts"=62
time=2025-02-21T18:06:21.184-05:00 level=INFO msg="Events per second" total=700 posts=35 "long posts"=33
time=2025-02-21T18:06:22.185-05:00 level=INFO msg="Events per second" total=769 posts=53 "long posts"=48
time=2025-02-21T18:06:23.184-05:00 level=INFO msg="Events per second" total=761 posts=63 "long posts"=60
time=2025-02-21T18:06:24.185-05:00 level=INFO msg="Events per second" total=727 posts=60 "long posts"=57
time=2025-02-21T18:06:25.185-05:00 level=INFO msg="Events per second" total=704 posts=54 "long posts"=51
time=2025-02-21T18:06:26.185-05:00 level=INFO msg="Events per second" total=730 posts=59 "long posts"=57
time=2025-02-21T18:06:27.184-05:00 level=INFO msg="Events per second" total=772 posts=63 "long posts"=57
time=2025-02-21T18:06:28.184-05:00 level=INFO msg="Events per second" total=745 posts=55 "long posts"=53
time=2025-02-21T18:06:29.184-05:00 level=INFO msg="Events per second" total=756 posts=53 "long posts"=49
time=2025-02-21T18:06:30.184-05:00 level=INFO msg="Events per second" total=761 posts=79 "long posts"=73
time=2025-02-21T18:06:31.185-05:00 level=INFO msg="Events per second" total=715 posts=52 "long posts"=49
time=2025-02-21T18:06:32.185-05:00 level=INFO msg="Events per second" total=698 posts=59 "long posts"=55
time=2025-02-21T18:06:33.184-05:00 level=INFO msg="Events per second" total=716 posts=66 "long posts"=63
time=2025-02-21T18:06:34.185-05:00 level=INFO msg="Events per second" total=754 posts=61 "long posts"=55
time=2025-02-21T18:06:35.184-05:00 level=INFO msg="Events per second" total=741 posts=48 "long posts"=44
time=2025-02-21T18:06:36.184-05:00 level=INFO msg="Events per second" total=810 posts=67 "long posts"=66
time=2025-02-21T18:06:37.188-05:00 level=INFO msg="Events per second" total=715 posts=56 "long posts"=49
time=2025-02-21T18:06:38.185-05:00 level=INFO msg="Events per second" total=704 posts=47 "long posts"=46
time=2025-02-21T18:06:39.184-05:00 level=INFO msg="Events per second" total=681 posts=53 "long posts"=50
time=2025-02-21T18:06:40.184-05:00 level=INFO msg="Events per second" total=720 posts=56 "long posts"=54
time=2025-02-21T18:06:41.185-05:00 level=INFO msg="Events per second" total=755 posts=65 "long posts"=61
time=2025-02-21T18:06:42.185-05:00 level=INFO msg="Events per second" total=723 posts=60 "long posts"=59
time=2025-02-21T18:06:43.184-05:00 level=INFO msg="Events per second" total=704 posts=67 "long posts"=64
time=2025-02-21T18:06:44.185-05:00 level=INFO msg="Events per second" total=702 posts=58 "long posts"=56
time=2025-02-21T18:06:45.184-05:00 level=INFO msg="Events per second" total=671 posts=52 "long posts"=44
time=2025-02-21T18:06:46.185-05:00 level=INFO msg="Events per second" total=698 posts=73 "long posts"=68
time=2025-02-21T18:06:47.184-05:00 level=INFO msg="Events per second" total=677 posts=53 "long posts"=51
time=2025-02-21T18:06:48.185-05:00 level=INFO msg="Events per second" total=768 posts=62 "long posts"=60
time=2025-02-21T18:06:49.184-05:00 level=INFO msg="Events per second" total=761 posts=73 "long posts"=68
time=2025-02-21T18:06:50.185-05:00 level=INFO msg="Events per second" total=674 posts=62 "long posts"=59
time=2025-02-21T18:06:51.185-05:00 level=INFO msg="Events per second" total=715 posts=67 "long posts"=63
time=2025-02-21T18:06:52.184-05:00 level=INFO msg="Events per second" total=680 posts=54 "long posts"=50
time=2025-02-21T18:06:53.184-05:00 level=INFO msg="Events per second" total=744 posts=49 "long posts"=49
time=2025-02-21T18:06:54.184-05:00 level=INFO msg="Events per second" total=718 posts=55 "long posts"=51
time=2025-02-21T18:06:55.184-05:00 level=INFO msg="Events per second" total=726 posts=74 "long posts"=67
time=2025-02-21T18:06:56.184-05:00 level=INFO msg="Events per second" total=660 posts=48 "long posts"=46
time=2025-02-21T18:06:57.184-05:00 level=INFO msg="Events per second" total=694 posts=56 "long posts"=48
time=2025-02-21T18:06:58.184-05:00 level=INFO msg="Events per second" total=726 posts=42 "long posts"=37
time=2025-02-21T18:06:59.184-05:00 level=INFO msg="Events per second" total=674 posts=53 "long posts"=52
time=2025-02-21T18:07:00.184-05:00 level=INFO msg="Events per second" total=729 posts=47 "long posts"=45
time=2025-02-21T18:07:01.184-05:00 level=INFO msg="Events per second" total=713 posts=53 "long posts"=52
time=2025-02-21T18:07:02.185-05:00 level=INFO msg="Events per second" total=513 posts=34 "long posts"=29
time=2025-02-21T18:07:03.185-05:00 level=INFO msg="Events per second" total=441 posts=41 "long posts"=40
time=2025-02-21T18:07:04.185-05:00 level=INFO msg="Events per second" total=405 posts=33 "long posts"=31
time=2025-02-21T18:07:05.184-05:00 level=INFO msg="Events per second" total=594 posts=36 "long posts"=32
time=2025-02-21T18:07:06.184-05:00 level=INFO msg="Events per second" total=1510 posts=146 "long posts"=135
time=2025-02-21T18:07:07.185-05:00 level=INFO msg="Events per second" total=670 posts=30 "long posts"=25
time=2025-02-21T18:07:08.184-05:00 level=INFO msg="Events per second" total=700 posts=47 "long posts"=45
time=2025-02-21T18:07:09.184-05:00 level=INFO msg="Events per second" total=696 posts=84 "long posts"=79
time=2025-02-21T18:07:10.184-05:00 level=INFO msg="Events per second" total=687 posts=57 "long posts"=53
time=2025-02-21T18:07:11.184-05:00 level=INFO msg="Events per second" total=738 posts=53 "long posts"=49
time=2025-02-21T18:07:12.185-05:00 level=INFO msg="Events per second" total=708 posts=54 "long posts"=52
time=2025-02-21T18:07:13.185-05:00 level=INFO msg="Events per second" total=716 posts=49 "long posts"=43
time=2025-02-21T18:07:14.185-05:00 level=INFO msg="Events per second" total=764 posts=70 "long posts"=60
time=2025-02-21T18:07:15.185-05:00 level=INFO msg="Events per second" total=629 posts=55 "long posts"=52
time=2025-02-21T18:07:16.185-05:00 level=INFO msg="Events per second" total=711 posts=63 "long posts"=57
time=2025-02-21T18:07:17.185-05:00 level=INFO msg="Events per second" total=691 posts=42 "long posts"=36
time=2025-02-21T18:07:18.184-05:00 level=INFO msg="Events per second" total=733 posts=56 "long posts"=54
time=2025-02-21T18:07:19.184-05:00 level=INFO msg="Events per second" total=693 posts=55 "long posts"=48
time=2025-02-21T18:07:20.185-05:00 level=INFO msg="Events per second" total=674 posts=45 "long posts"=45
time=2025-02-21T18:07:21.184-05:00 level=INFO msg="Events per second" total=665 posts=44 "long posts"=40
time=2025-02-21T18:07:22.184-05:00 level=INFO msg="Events per second" total=761 posts=68 "long posts"=61
time=2025-02-21T18:07:23.184-05:00 level=INFO msg="Events per second" total=657 posts=45 "long posts"=39
time=2025-02-21T18:07:24.185-05:00 level=INFO msg="Events per second" total=651 posts=63 "long posts"=56
time=2025-02-21T18:07:25.184-05:00 level=INFO msg="Events per second" total=737 posts=62 "long posts"=61
time=2025-02-21T18:07:26.185-05:00 level=INFO msg="Events per second" total=716 posts=56 "long posts"=52
time=2025-02-21T18:07:27.191-05:00 level=INFO msg="Events per second" total=657 posts=57 "long posts"=52
time=2025-02-21T18:07:28.185-05:00 level=INFO msg="Events per second" total=717 posts=79 "long posts"=74
time=2025-02-21T18:07:29.184-05:00 level=INFO msg="Events per second" total=693 posts=55 "long posts"=51
time=2025-02-21T18:07:30.184-05:00 level=INFO msg="Events per second" total=703 posts=51 "long posts"=47
time=2025-02-21T18:07:31.184-05:00 level=INFO msg="Events per second" total=680 posts=47 "long posts"=43
time=2025-02-21T18:07:32.184-05:00 level=INFO msg="Events per second" total=700 posts=51 "long posts"=50
time=2025-02-21T18:07:33.184-05:00 level=INFO msg="Events per second" total=681 posts=32 "long posts"=30
time=2025-02-21T18:07:34.184-05:00 level=INFO msg="Events per second" total=644 posts=57 "long posts"=53
time=2025-02-21T18:07:35.184-05:00 level=INFO msg="Events per second" total=725 posts=60 "long posts"=56
time=2025-02-21T18:07:36.184-05:00 level=INFO msg="Events per second" total=695 posts=49 "long posts"=45
time=2025-02-21T18:07:37.185-05:00 level=INFO msg="Events per second" total=716 posts=55 "long posts"=52
time=2025-02-21T18:07:38.184-05:00 level=INFO msg="Events per second" total=745 posts=60 "long posts"=55
time=2025-02-21T18:07:39.184-05:00 level=INFO msg="Events per second" total=743 posts=52 "long posts"=49
time=2025-02-21T18:07:40.184-05:00 level=INFO msg="Events per second" total=716 posts=58 "long posts"=51
time=2025-02-21T18:07:41.183-05:00 level=INFO msg="Events per second" total=687 posts=53 "long posts"=50
time=2025-02-21T18:07:42.184-05:00 level=INFO msg="Events per second" total=712 posts=46 "long posts"=44
time=2025-02-21T18:07:43.184-05:00 level=INFO msg="Events per second" total=682 posts=61 "long posts"=57
time=2025-02-21T18:07:44.184-05:00 level=INFO msg="Events per second" total=676 posts=50 "long posts"=47
time=2025-02-21T18:07:45.184-05:00 level=INFO msg="Events per second" total=714 posts=34 "long posts"=32
time=2025-02-21T18:07:46.184-05:00 level=INFO msg="Events per second" total=718 posts=55 "long posts"=50
time=2025-02-21T18:07:47.184-05:00 level=INFO msg="Events per second" total=702 posts=55 "long posts"=51
time=2025-02-21T18:07:48.183-05:00 level=INFO msg="Events per second" total=678 posts=43 "long posts"=43
time=2025-02-21T18:07:49.184-05:00 level=INFO msg="Events per second" total=707 posts=52 "long posts"=48
time=2025-02-21T18:07:50.183-05:00 level=INFO msg="Events per second" total=687 posts=46 "long posts"=44
time=2025-02-21T18:07:51.184-05:00 level=INFO msg="Events per second" total=768 posts=66 "long posts"=59
time=2025-02-21T18:07:52.183-05:00 level=INFO msg="Events per second" total=671 posts=48 "long posts"=45
time=2025-02-21T18:07:53.184-05:00 level=INFO msg="Events per second" total=704 posts=43 "long posts"=42
time=2025-02-21T18:07:54.184-05:00 level=INFO msg="Events per second" total=747 posts=60 "long posts"=56
time=2025-02-21T18:07:55.184-05:00 level=INFO msg="Events per second" total=716 posts=52 "long posts"=50
time=2025-02-21T18:07:56.184-05:00 level=INFO msg="Events per second" total=654 posts=58 "long posts"=52
time=2025-02-21T18:07:57.185-05:00 level=INFO msg="Events per second" total=721 posts=57 "long posts"=54
time=2025-02-21T18:07:58.184-05:00 level=INFO msg="Events per second" total=697 posts=41 "long posts"=38
time=2025-02-21T18:07:59.185-05:00 level=INFO msg="Events per second" total=706 posts=58 "long posts"=56
time=2025-02-21T18:08:00.184-05:00 level=INFO msg="Events per second" total=719 posts=54 "long posts"=51
time=2025-02-21T18:08:01.185-05:00 level=INFO msg="Events per second" total=672 posts=45 "long posts"=40
time=2025-02-21T18:08:02.184-05:00 level=INFO msg="Events per second" total=539 posts=50 "long posts"=49
time=2025-02-21T18:08:03.184-05:00 level=INFO msg="Events per second" total=421 posts=24 "long posts"=20
time=2025-02-21T18:08:04.184-05:00 level=INFO msg="Events per second" total=503 posts=40 "long posts"=37
time=2025-02-21T18:08:05.183-05:00 level=INFO msg="Events per second" total=660 posts=51 "long posts"=48
time=2025-02-21T18:08:06.184-05:00 level=INFO msg="Events per second" total=1341 posts=102 "long posts"=92
time=2025-02-21T18:08:07.184-05:00 level=INFO msg="Events per second" total=748 posts=53 "long posts"=49
time=2025-02-21T18:08:08.184-05:00 level=INFO msg="Events per second" total=745 posts=48 "long posts"=47
time=2025-02-21T18:08:09.184-05:00 level=INFO msg="Events per second" total=697 posts=51 "long posts"=47
time=2025-02-21T18:08:10.184-05:00 level=INFO msg="Events per second" total=656 posts=49 "long posts"=42
time=2025-02-21T18:08:11.183-05:00 level=INFO msg="Events per second" total=679 posts=50 "long posts"=48
time=2025-02-21T18:08:12.184-05:00 level=INFO msg="Events per second" total=729 posts=53 "long posts"=50
time=2025-02-21T18:08:13.185-05:00 level=INFO msg="Events per second" total=725 posts=58 "long posts"=55
time=2025-02-21T18:08:14.184-05:00 level=INFO msg="Events per second" total=761 posts=52 "long posts"=46
time=2025-02-21T18:08:15.184-05:00 level=INFO msg="Events per second" total=681 posts=42 "long posts"=40
time=2025-02-21T18:08:16.183-05:00 level=INFO msg="Events per second" total=697 posts=37 "long posts"=35
time=2025-02-21T18:08:17.184-05:00 level=INFO msg="Events per second" total=615 posts=39 "long posts"=30
time=2025-02-21T18:08:18.184-05:00 level=INFO msg="Events per second" total=767 posts=53 "long posts"=51
time=2025-02-21T18:08:19.186-05:00 level=INFO msg="Events per second" total=726 posts=48 "long posts"=41
time=2025-02-21T18:08:20.184-05:00 level=INFO msg="Events per second" total=702 posts=50 "long posts"=46
time=2025-02-21T18:08:21.184-05:00 level=INFO msg="Events per second" total=670 posts=53 "long posts"=49
time=2025-02-21T18:08:22.184-05:00 level=INFO msg="Events per second" total=714 posts=55 "long posts"=46
time=2025-02-21T18:08:23.184-05:00 level=INFO msg="Events per second" total=737 posts=62 "long posts"=54
time=2025-02-21T18:08:24.184-05:00 level=INFO msg="Events per second" total=697 posts=54 "long posts"=52
time=2025-02-21T18:08:25.184-05:00 level=INFO msg="Events per second" total=711 posts=59 "long posts"=50
time=2025-02-21T18:08:26.184-05:00 level=INFO msg="Events per second" total=745 posts=52 "long posts"=49
time=2025-02-21T18:08:27.184-05:00 level=INFO msg="Events per second" total=706 posts=54 "long posts"=53
time=2025-02-21T18:08:28.184-05:00 level=INFO msg="Events per second" total=648 posts=49 "long posts"=46
time=2025-02-21T18:08:29.183-05:00 level=INFO msg="Events per second" total=690 posts=55 "long posts"=53
time=2025-02-21T18:08:30.193-05:00 level=INFO msg="Events per second" total=684 posts=62 "long posts"=57
time=2025-02-21T18:08:31.184-05:00 level=INFO msg="Events per second" total=721 posts=60 "long posts"=56
time=2025-02-21T18:08:32.183-05:00 level=INFO msg="Events per second" total=675 posts=57 "long posts"=52
time=2025-02-21T18:08:33.184-05:00 level=INFO msg="Events per second" total=703 posts=49 "long posts"=45
time=2025-02-21T18:08:34.184-05:00 level=INFO msg="Events per second" total=641 posts=52 "long posts"=47
time=2025-02-21T18:08:35.184-05:00 level=INFO msg="Events per second" total=698 posts=59 "long posts"=57
time=2025-02-21T18:08:36.184-05:00 level=INFO msg="Events per second" total=682 posts=55 "long posts"=54
time=2025-02-21T18:08:37.183-05:00 level=INFO msg="Events per second" total=655 posts=46 "long posts"=41
time=2025-02-21T18:08:38.188-05:00 level=INFO msg="Events per second" total=773 posts=63 "long posts"=57
time=2025-02-21T18:08:39.184-05:00 level=INFO msg="Events per second" total=734 posts=50 "long posts"=43
time=2025-02-21T18:08:40.184-05:00 level=INFO msg="Events per second" total=660 posts=58 "long posts"=54
time=2025-02-21T18:08:41.184-05:00 level=INFO msg="Events per second" total=703 posts=50 "long posts"=46
time=2025-02-21T18:08:42.184-05:00 level=INFO msg="Events per second" total=671 posts=44 "long posts"=39
time=2025-02-21T18:08:43.190-05:00 level=INFO msg="Events per second" total=677 posts=50 "long posts"=43
time=2025-02-21T18:08:44.183-05:00 level=INFO msg="Events per second" total=733 posts=42 "long posts"=36
time=2025-02-21T18:08:45.184-05:00 level=INFO msg="Events per second" total=733 posts=57 "long posts"=50
time=2025-02-21T18:08:46.184-05:00 level=INFO msg="Events per second" total=694 posts=49 "long posts"=43
time=2025-02-21T18:08:47.184-05:00 level=INFO msg="Events per second" total=678 posts=36 "long posts"=34
time=2025-02-21T18:08:48.183-05:00 level=INFO msg="Events per second" total=724 posts=56 "long posts"=52
time=2025-02-21T18:08:49.184-05:00 level=INFO msg="Events per second" total=697 posts=45 "long posts"=44
time=2025-02-21T18:08:50.184-05:00 level=INFO msg="Events per second" total=697 posts=47 "long posts"=47
time=2025-02-21T18:08:51.184-05:00 level=INFO msg="Events per second" total=702 posts=43 "long posts"=35
time=2025-02-21T18:08:52.185-05:00 level=INFO msg="Events per second" total=672 posts=42 "long posts"=37
time=2025-02-21T18:08:53.184-05:00 level=INFO msg="Events per second" total=727 posts=73 "long posts"=71
time=2025-02-21T18:08:54.183-05:00 level=INFO msg="Events per second" total=699 posts=51 "long posts"=49
time=2025-02-21T18:08:55.184-05:00 level=INFO msg="Events per second" total=761 posts=49 "long posts"=44
time=2025-02-21T18:08:56.183-05:00 level=INFO msg="Events per second" total=704 posts=50 "long posts"=47
time=2025-02-21T18:08:57.184-05:00 level=INFO msg="Events per second" total=679 posts=61 "long posts"=57
time=2025-02-21T18:08:58.184-05:00 level=INFO msg="Events per second" total=709 posts=50 "long posts"=49
time=2025-02-21T18:08:59.183-05:00 level=INFO msg="Events per second" total=677 posts=38 "long posts"=35
time=2025-02-21T18:09:00.184-05:00 level=INFO msg="Events per second" total=730 posts=42 "long posts"=40
time=2025-02-21T18:09:01.184-05:00 level=INFO msg="Events per second" total=734 posts=54 "long posts"=47
time=2025-02-21T18:09:02.184-05:00 level=INFO msg="Events per second" total=479 posts=32 "long posts"=30
time=2025-02-21T18:09:03.184-05:00 level=INFO msg="Events per second" total=461 posts=46 "long posts"=41
time=2025-02-21T18:09:04.185-05:00 level=INFO msg="Events per second" total=527 posts=33 "long posts"=30
time=2025-02-21T18:09:05.184-05:00 level=INFO msg="Events per second" total=660 posts=48 "long posts"=46
time=2025-02-21T18:09:06.183-05:00 level=INFO msg="Events per second" total=1394 posts=112 "long posts"=104
time=2025-02-21T18:09:07.184-05:00 level=INFO msg="Events per second" total=749 posts=62 "long posts"=61
time=2025-02-21T18:09:08.183-05:00 level=INFO msg="Events per second" total=696 posts=51 "long posts"=48
time=2025-02-21T18:09:09.184-05:00 level=INFO msg="Events per second" total=712 posts=43 "long posts"=40
time=2025-02-21T18:09:10.184-05:00 level=INFO msg="Events per second" total=690 posts=53 "long posts"=50
time=2025-02-21T18:09:11.184-05:00 level=INFO msg="Events per second" total=714 posts=54 "long posts"=52
time=2025-02-21T18:09:12.183-05:00 level=INFO msg="Events per second" total=705 posts=54 "long posts"=47
time=2025-02-21T18:09:13.183-05:00 level=INFO msg="Events per second" total=745 posts=56 "long posts"=53
time=2025-02-21T18:09:14.183-05:00 level=INFO msg="Events per second" total=747 posts=59 "long posts"=55
time=2025-02-21T18:09:15.184-05:00 level=INFO msg="Events per second" total=715 posts=50 "long posts"=50
time=2025-02-21T18:09:16.184-05:00 level=INFO msg="Events per second" total=726 posts=64 "long posts"=60
time=2025-02-21T18:09:17.184-05:00 level=INFO msg="Events per second" total=730 posts=69 "long posts"=65
time=2025-02-21T18:09:18.189-05:00 level=INFO msg="Events per second" total=644 posts=51 "long posts"=46
time=2025-02-21T18:09:19.184-05:00 level=INFO msg="Events per second" total=741 posts=49 "long posts"=42
time=2025-02-21T18:09:20.183-05:00 level=INFO msg="Events per second" total=674 posts=47 "long posts"=44
time=2025-02-21T18:09:21.184-05:00 level=INFO msg="Events per second" total=750 posts=52 "long posts"=50
time=2025-02-21T18:09:22.184-05:00 level=INFO msg="Events per second" total=689 posts=35 "long posts"=31
time=2025-02-21T18:09:23.184-05:00 level=INFO msg="Events per second" total=715 posts=61 "long posts"=60
time=2025-02-21T18:09:24.183-05:00 level=INFO msg="Events per second" total=707 posts=51 "long posts"=48
time=2025-02-21T18:09:25.183-05:00 level=INFO msg="Events per second" total=729 posts=47 "long posts"=46
time=2025-02-21T18:09:26.184-05:00 level=INFO msg="Events per second" total=715 posts=58 "long posts"=52
time=2025-02-21T18:09:27.184-05:00 level=INFO msg="Events per second" total=679 posts=52 "long posts"=49
time=2025-02-21T18:09:28.184-05:00 level=INFO msg="Events per second" total=700 posts=52 "long posts"=50
time=2025-02-21T18:09:29.183-05:00 level=INFO msg="Events per second" total=714 posts=45 "long posts"=41
time=2025-02-21T18:09:30.184-05:00 level=INFO msg="Events per second" total=724 posts=56 "long posts"=52
time=2025-02-21T18:09:31.183-05:00 level=INFO msg="Events per second" total=737 posts=63 "long posts"=59
time=2025-02-21T18:09:32.184-05:00 level=INFO msg="Events per second" total=755 posts=69 "long posts"=64
time=2025-02-21T18:09:33.183-05:00 level=INFO msg="Events per second" total=735 posts=61 "long posts"=59
time=2025-02-21T18:09:34.184-05:00 level=INFO msg="Events per second" total=702 posts=55 "long posts"=47
time=2025-02-21T18:09:35.184-05:00 level=INFO msg="Events per second" total=692 posts=53 "long posts"=52
time=2025-02-21T18:09:36.184-05:00 level=INFO msg="Events per second" total=663 posts=38 "long posts"=37
time=2025-02-21T18:09:37.184-05:00 level=INFO msg="Events per second" total=647 posts=57 "long posts"=53
time=2025-02-21T18:09:38.184-05:00 level=INFO msg="Events per second" total=720 posts=55 "long posts"=51
time=2025-02-21T18:09:39.183-05:00 level=INFO msg="Events per second" total=707 posts=45 "long posts"=41
time=2025-02-21T18:09:40.183-05:00 level=INFO msg="Events per second" total=665 posts=50 "long posts"=45
time=2025-02-21T18:09:41.183-05:00 level=INFO msg="Events per second" total=655 posts=52 "long posts"=47
time=2025-02-21T18:09:42.184-05:00 level=INFO msg="Events per second" total=657 posts=57 "long posts"=50
time=2025-02-21T18:09:43.184-05:00 level=INFO msg="Events per second" total=683 posts=59 "long posts"=52
time=2025-02-21T18:09:44.183-05:00 level=INFO msg="Events per second" total=747 posts=52 "long posts"=48
time=2025-02-21T18:09:45.184-05:00 level=INFO msg="Events per second" total=669 posts=49 "long posts"=47
time=2025-02-21T18:09:46.184-05:00 level=INFO msg="Events per second" total=713 posts=47 "long posts"=44
time=2025-02-21T18:09:47.184-05:00 level=INFO msg="Events per second" total=652 posts=45 "long posts"=41
time=2025-02-21T18:09:48.184-05:00 level=INFO msg="Events per second" total=668 posts=50 "long posts"=45
time=2025-02-21T18:09:49.183-05:00 level=INFO msg="Events per second" total=699 posts=63 "long posts"=59
time=2025-02-21T18:09:50.183-05:00 level=INFO msg="Events per second" total=687 posts=51 "long posts"=48
time=2025-02-21T18:09:51.183-05:00 level=INFO msg="Events per second" total=688 posts=58 "long posts"=53
time=2025-02-21T18:09:52.183-05:00 level=INFO msg="Events per second" total=704 posts=54 "long posts"=50
time=2025-02-21T18:09:53.184-05:00 level=INFO msg="Events per second" total=712 posts=44 "long posts"=42
time=2025-02-21T18:09:54.184-05:00 level=INFO msg="Events per second" total=691 posts=50 "long posts"=47
time=2025-02-21T18:09:55.183-05:00 level=INFO msg="Events per second" total=706 posts=51 "long posts"=45
time=2025-02-21T18:09:56.183-05:00 level=INFO msg="Events per second" total=725 posts=42 "long posts"=40
time=2025-02-21T18:09:57.184-05:00 level=INFO msg="Events per second" total=665 posts=53 "long posts"=45
time=2025-02-21T18:09:58.183-05:00 level=INFO msg="Events per second" total=687 posts=55 "long posts"=54
time=2025-02-21T18:09:59.184-05:00 level=INFO msg="Events per second" total=699 posts=48 "long posts"=44
time=2025-02-21T18:10:00.183-05:00 level=INFO msg="Events per second" total=753 posts=60 "long posts"=56
time=2025-02-21T18:10:01.184-05:00 level=INFO msg="Events per second" total=709 posts=56 "long posts"=48
time=2025-02-21T18:10:02.184-05:00 level=INFO msg="Events per second" total=505 posts=44 "long posts"=39
time=2025-02-21T18:10:03.184-05:00 level=INFO msg="Events per second" total=463 posts=32 "long posts"=28
time=2025-02-21T18:10:04.184-05:00 level=INFO msg="Events per second" total=513 posts=44 "long posts"=39
time=2025-02-21T18:10:05.183-05:00 level=INFO msg="Events per second" total=604 posts=54 "long posts"=50
time=2025-02-21T18:10:06.183-05:00 level=INFO msg="Events per second" total=1505 posts=120 "long posts"=109
time=2025-02-21T18:10:07.183-05:00 level=INFO msg="Events per second" total=709 posts=50 "long posts"=47
time=2025-02-21T18:10:08.183-05:00 level=INFO msg="Events per second" total=774 posts=62 "long posts"=56
time=2025-02-21T18:10:09.183-05:00 level=INFO msg="Events per second" total=677 posts=43 "long posts"=41
time=2025-02-21T18:10:10.183-05:00 level=INFO msg="Events per second" total=709 posts=55 "long posts"=52
time=2025-02-21T18:10:11.183-05:00 level=INFO msg="Events per second" total=753 posts=61 "long posts"=57
time=2025-02-21T18:10:12.184-05:00 level=INFO msg="Events per second" total=721 posts=58 "long posts"=54
time=2025-02-21T18:10:13.184-05:00 level=INFO msg="Events per second" total=700 posts=40 "long posts"=37
time=2025-02-21T18:10:14.183-05:00 level=INFO msg="Events per second" total=674 posts=66 "long posts"=60
time=2025-02-21T18:10:15.183-05:00 level=INFO msg="Events per second" total=731 posts=55 "long posts"=47
time=2025-02-21T18:10:16.183-05:00 level=INFO msg="Events per second" total=725 posts=60 "long posts"=56
time=2025-02-21T18:10:17.184-05:00 level=INFO msg="Events per second" total=759 posts=56 "long posts"=55
time=2025-02-21T18:10:18.183-05:00 level=INFO msg="Events per second" total=760 posts=66 "long posts"=61
time=2025-02-21T18:10:19.183-05:00 level=INFO msg="Events per second" total=774 posts=59 "long posts"=52
time=2025-02-21T18:10:20.184-05:00 level=INFO msg="Events per second" total=733 posts=43 "long posts"=38
time=2025-02-21T18:10:21.183-05:00 level=INFO msg="Events per second" total=716 posts=48 "long posts"=41
time=2025-02-21T18:10:22.183-05:00 level=INFO msg="Events per second" total=693 posts=49 "long posts"=48
time=2025-02-21T18:10:23.183-05:00 level=INFO msg="Events per second" total=716 posts=57 "long posts"=53
time=2025-02-21T18:10:24.183-05:00 level=INFO msg="Events per second" total=690 posts=66 "long posts"=61
time=2025-02-21T18:10:25.184-05:00 level=INFO msg="Events per second" total=702 posts=55 "long posts"=50
time=2025-02-21T18:10:26.183-05:00 level=INFO msg="Events per second" total=756 posts=44 "long posts"=40
time=2025-02-21T18:10:27.184-05:00 level=INFO msg="Events per second" total=491 posts=40 "long posts"=34
time=2025-02-21T18:10:28.185-05:00 level=INFO msg="Events per second" total=905 posts=74 "long posts"=69
time=2025-02-21T18:10:29.184-05:00 level=INFO msg="Events per second" total=720 posts=48 "long posts"=43
time=2025-02-21T18:10:30.183-05:00 level=INFO msg="Events per second" total=752 posts=63 "long posts"=57
time=2025-02-21T18:10:31.184-05:00 level=INFO msg="Events per second" total=729 posts=56 "long posts"=52
time=2025-02-21T18:10:32.184-05:00 level=INFO msg="Events per second" total=732 posts=56 "long posts"=54
time=2025-02-21T18:10:33.184-05:00 level=INFO msg="Events per second" total=727 posts=56 "long posts"=49
time=2025-02-21T18:10:34.183-05:00 level=INFO msg="Events per second" total=710 posts=56 "long posts"=52
time=2025-02-21T18:10:35.187-05:00 level=INFO msg="Events per second" total=732 posts=52 "long posts"=48
time=2025-02-21T18:10:36.183-05:00 level=INFO msg="Events per second" total=810 posts=72 "long posts"=70
time=2025-02-21T18:10:37.183-05:00 level=INFO msg="Events per second" total=719 posts=57 "long posts"=52
time=2025-02-21T18:10:38.183-05:00 level=INFO msg="Events per second" total=718 posts=65 "long posts"=58
time=2025-02-21T18:10:39.183-05:00 level=INFO msg="Events per second" total=743 posts=74 "long posts"=70
time=2025-02-21T18:10:40.183-05:00 level=INFO msg="Events per second" total=717 posts=55 "long posts"=49
time=2025-02-21T18:10:41.184-05:00 level=INFO msg="Events per second" total=683 posts=54 "long posts"=47
time=2025-02-21T18:10:42.183-05:00 level=INFO msg="Events per second" total=790 posts=71 "long posts"=66
time=2025-02-21T18:10:43.183-05:00 level=INFO msg="Events per second" total=681 posts=43 "long posts"=40
time=2025-02-21T18:10:44.183-05:00 level=INFO msg="Events per second" total=766 posts=57 "long posts"=53
time=2025-02-21T18:10:45.183-05:00 level=INFO msg="Events per second" total=762 posts=61 "long posts"=55
time=2025-02-21T18:10:46.184-05:00 level=INFO msg="Events per second" total=721 posts=52 "long posts"=49
time=2025-02-21T18:10:47.183-05:00 level=INFO msg="Events per second" total=743 posts=52 "long posts"=49
time=2025-02-21T18:10:48.183-05:00 level=INFO msg="Events per second" total=730 posts=49 "long posts"=46
time=2025-02-21T18:10:49.183-05:00 level=INFO msg="Events per second" total=690 posts=55 "long posts"=52
time=2025-02-21T18:10:50.183-05:00 level=INFO msg="Events per second" total=771 posts=58 "long posts"=57
time=2025-02-21T18:10:51.183-05:00 level=INFO msg="Events per second" total=715 posts=67 "long posts"=61
time=2025-02-21T18:10:52.183-05:00 level=INFO msg="Events per second" total=735 posts=48 "long posts"=44
time=2025-02-21T18:10:53.183-05:00 level=INFO msg="Events per second" total=800 posts=64 "long posts"=60
time=2025-02-21T18:10:54.183-05:00 level=INFO msg="Events per second" total=740 posts=61 "long posts"=56
time=2025-02-21T18:10:55.184-05:00 level=INFO msg="Events per second" total=675 posts=55 "long posts"=51
time=2025-02-21T18:10:56.183-05:00 level=INFO msg="Events per second" total=765 posts=59 "long posts"=51
time=2025-02-21T18:10:57.183-05:00 level=INFO msg="Events per second" total=679 posts=53 "long posts"=48
time=2025-02-21T18:10:58.183-05:00 level=INFO msg="Events per second" total=716 posts=50 "long posts"=46
time=2025-02-21T18:10:59.183-05:00 level=INFO msg="Events per second" total=727 posts=55 "long posts"=50
time=2025-02-21T18:11:00.183-05:00 level=INFO msg="Events per second" total=721 posts=46 "long posts"=38
time=2025-02-21T18:11:01.184-05:00 level=INFO msg="Events per second" total=714 posts=48 "long posts"=40
time=2025-02-21T18:11:02.183-05:00 level=INFO msg="Events per second" total=521 posts=38 "long posts"=34
time=2025-02-21T18:11:03.184-05:00 level=INFO msg="Events per second" total=334 posts=28 "long posts"=25
time=2025-02-21T18:11:04.183-05:00 level=INFO msg="Events per second" total=662 posts=39 "long posts"=35
time=2025-02-21T18:11:05.185-05:00 level=INFO msg="Events per second" total=574 posts=37 "long posts"=30
time=2025-02-21T18:11:06.184-05:00 level=INFO msg="Events per second" total=1460 posts=112 "long posts"=108
time=2025-02-21T18:11:07.183-05:00 level=INFO msg="Events per second" total=715 posts=58 "long posts"=55
time=2025-02-21T18:11:08.183-05:00 level=INFO msg="Events per second" total=765 posts=64 "long posts"=61
time=2025-02-21T18:11:09.183-05:00 level=INFO msg="Events per second" total=709 posts=48 "long posts"=44
time=2025-02-21T18:11:10.183-05:00 level=INFO msg="Events per second" total=716 posts=64 "long posts"=59
time=2025-02-21T18:11:11.186-05:00 level=INFO msg="Events per second" total=730 posts=60 "long posts"=56
time=2025-02-21T18:11:12.183-05:00 level=INFO msg="Events per second" total=771 posts=64 "long posts"=58
time=2025-02-21T18:11:13.183-05:00 level=INFO msg="Events per second" total=738 posts=62 "long posts"=58
time=2025-02-21T18:11:14.183-05:00 level=INFO msg="Events per second" total=710 posts=56 "long posts"=50
time=2025-02-21T18:11:15.184-05:00 level=INFO msg="Events per second" total=737 posts=53 "long posts"=51
time=2025-02-21T18:11:16.183-05:00 level=INFO msg="Events per second" total=769 posts=52 "long posts"=50
time=2025-02-21T18:11:17.183-05:00 level=INFO msg="Events per second" total=727 posts=46 "long posts"=43
time=2025-02-21T18:11:18.184-05:00 level=INFO msg="Events per second" total=697 posts=54 "long posts"=54
time=2025-02-21T18:11:19.184-05:00 level=INFO msg="Events per second" total=713 posts=49 "long posts"=46
time=2025-02-21T18:11:20.183-05:00 level=INFO msg="Events per second" total=743 posts=48 "long posts"=45
time=2025-02-21T18:11:21.184-05:00 level=INFO msg="Events per second" total=756 posts=60 "long posts"=58
time=2025-02-21T18:11:22.183-05:00 level=INFO msg="Events per second" total=722 posts=66 "long posts"=64
time=2025-02-21T18:11:23.183-05:00 level=INFO msg="Events per second" total=722 posts=46 "long posts"=43
time=2025-02-21T18:11:24.183-05:00 level=INFO msg="Events per second" total=730 posts=45 "long posts"=42
time=2025-02-21T18:11:25.182-05:00 level=INFO msg="Events per second" total=725 posts=39 "long posts"=36
time=2025-02-21T18:11:26.183-05:00 level=INFO msg="Events per second" total=724 posts=49 "long posts"=48
time=2025-02-21T18:11:27.183-05:00 level=INFO msg="Events per second" total=734 posts=57 "long posts"=52
time=2025-02-21T18:11:28.183-05:00 level=INFO msg="Events per second" total=730 posts=48 "long posts"=43
time=2025-02-21T18:11:29.183-05:00 level=INFO msg="Events per second" total=704 posts=50 "long posts"=47
time=2025-02-21T18:11:30.183-05:00 level=INFO msg="Events per second" total=721 posts=51 "long posts"=49
time=2025-02-21T18:11:31.184-05:00 level=INFO msg="Events per second" total=759 posts=45 "long posts"=41
time=2025-02-21T18:11:32.182-05:00 level=INFO msg="Events per second" total=716 posts=61 "long posts"=54
time=2025-02-21T18:11:33.199-05:00 level=INFO msg="Events per second" total=720 posts=48 "long posts"=47
time=2025-02-21T18:11:34.183-05:00 level=INFO msg="Events per second" total=735 posts=45 "long posts"=41
time=2025-02-21T18:11:35.183-05:00 level=INFO msg="Events per second" total=745 posts=53 "long posts"=50
time=2025-02-21T18:11:36.183-05:00 level=INFO msg="Events per second" total=704 posts=48 "long posts"=42
time=2025-02-21T18:11:37.183-05:00 level=INFO msg="Events per second" total=694 posts=57 "long posts"=53
time=2025-02-21T18:11:38.183-05:00 level=INFO msg="Events per second" total=659 posts=43 "long posts"=42
time=2025-02-21T18:11:39.183-05:00 level=INFO msg="Events per second" total=743 posts=53 "long posts"=50
time=2025-02-21T18:11:40.182-05:00 level=INFO msg="Events per second" total=660 posts=53 "long posts"=50
time=2025-02-21T18:11:41.184-05:00 level=INFO msg="Events per second" total=738 posts=59 "long posts"=57
time=2025-02-21T18:11:42.183-05:00 level=INFO msg="Events per second" total=719 posts=44 "long posts"=40
time=2025-02-21T18:11:43.182-05:00 level=INFO msg="Events per second" total=730 posts=56 "long posts"=52
time=2025-02-21T18:11:44.184-05:00 level=INFO msg="Events per second" total=705 posts=50 "long posts"=47
time=2025-02-21T18:11:45.183-05:00 level=INFO msg="Events per second" total=686 posts=44 "long posts"=39
time=2025-02-21T18:11:46.186-05:00 level=INFO msg="Events per second" total=719 posts=64 "long posts"=57
time=2025-02-21T18:11:47.184-05:00 level=INFO msg="Events per second" total=719 posts=55 "long posts"=52
time=2025-02-21T18:11:48.183-05:00 level=INFO msg="Events per second" total=730 posts=55 "long posts"=50
time=2025-02-21T18:11:49.183-05:00 level=INFO msg="Events per second" total=663 posts=52 "long posts"=48
time=2025-02-21T18:11:50.182-05:00 level=INFO msg="Events per second" total=749 posts=54 "long posts"=54
time=2025-02-21T18:11:51.184-05:00 level=INFO msg="Events per second" total=691 posts=47 "long posts"=44
time=2025-02-21T18:11:52.189-05:00 level=INFO msg="Events per second" total=710 posts=64 "long posts"=60
time=2025-02-21T18:11:53.185-05:00 level=INFO msg="Events per second" total=711 posts=44 "long posts"=41
time=2025-02-21T18:11:54.183-05:00 level=INFO msg="Events per second" total=752 posts=60 "long posts"=52
time=2025-02-21T18:11:55.183-05:00 level=INFO msg="Events per second" total=653 posts=42 "long posts"=40
time=2025-02-21T18:11:56.183-05:00 level=INFO msg="Events per second" total=671 posts=53 "long posts"=50
time=2025-02-21T18:11:57.182-05:00 level=INFO msg="Events per second" total=695 posts=67 "long posts"=63
time=2025-02-21T18:11:58.183-05:00 level=INFO msg="Events per second" total=702 posts=44 "long posts"=40
time=2025-02-21T18:11:59.183-05:00 level=INFO msg="Events per second" total=723 posts=66 "long posts"=63
time=2025-02-21T18:12:00.183-05:00 level=INFO msg="Events per second" total=688 posts=52 "long posts"=47
time=2025-02-21T18:12:01.183-05:00 level=INFO msg="Events per second" total=662 posts=51 "long posts"=45
time=2025-02-21T18:12:02.183-05:00 level=INFO msg="Events per second" total=474 posts=35 "long posts"=35
time=2025-02-21T18:12:03.183-05:00 level=INFO msg="Events per second" total=439 posts=41 "long posts"=40
time=2025-02-21T18:12:04.183-05:00 level=INFO msg="Events per second" total=542 posts=44 "long posts"=39
time=2025-02-21T18:12:05.183-05:00 level=INFO msg="Events per second" total=603 posts=37 "long posts"=32
time=2025-02-21T18:12:06.183-05:00 level=INFO msg="Events per second" total=1448 posts=119 "long posts"=111
time=2025-02-21T18:12:07.185-05:00 level=INFO msg="Events per second" total=694 posts=41 "long posts"=39
time=2025-02-21T18:12:08.183-05:00 level=INFO msg="Events per second" total=734 posts=49 "long posts"=43
time=2025-02-21T18:12:09.183-05:00 level=INFO msg="Events per second" total=715 posts=52 "long posts"=47
time=2025-02-21T18:12:10.183-05:00 level=INFO msg="Events per second" total=723 posts=54 "long posts"=48
time=2025-02-21T18:12:11.183-05:00 level=INFO msg="Events per second" total=709 posts=56 "long posts"=48
time=2025-02-21T18:12:12.182-05:00 level=INFO msg="Events per second" total=666 posts=65 "long posts"=62
time=2025-02-21T18:12:13.184-05:00 level=INFO msg="Events per second" total=688 posts=44 "long posts"=38
time=2025-02-21T18:12:14.183-05:00 level=INFO msg="Events per second" total=747 posts=63 "long posts"=62
time=2025-02-21T18:12:15.183-05:00 level=INFO msg="Events per second" total=740 posts=58 "long posts"=56
time=2025-02-21T18:12:16.183-05:00 level=INFO msg="Events per second" total=722 posts=47 "long posts"=44
time=2025-02-21T18:12:17.183-05:00 level=INFO msg="Events per second" total=675 posts=42 "long posts"=42
time=2025-02-21T18:12:18.183-05:00 level=INFO msg="Events per second" total=667 posts=56 "long posts"=53
time=2025-02-21T18:12:19.183-05:00 level=INFO msg="Events per second" total=711 posts=48 "long posts"=41
time=2025-02-21T18:12:20.182-05:00 level=INFO msg="Events per second" total=721 posts=55 "long posts"=50
time=2025-02-21T18:12:21.183-05:00 level=INFO msg="Events per second" total=706 posts=41 "long posts"=40
time=2025-02-21T18:12:22.183-05:00 level=INFO msg="Events per second" total=697 posts=59 "long posts"=56
time=2025-02-21T18:12:23.183-05:00 level=INFO msg="Events per second" total=663 posts=43 "long posts"=34
time=2025-02-21T18:12:24.183-05:00 level=INFO msg="Events per second" total=715 posts=40 "long posts"=38
time=2025-02-21T18:12:25.183-05:00 level=INFO msg="Events per second" total=730 posts=51 "long posts"=49
time=2025-02-21T18:12:26.184-05:00 level=INFO msg="Events per second" total=717 posts=41 "long posts"=37
time=2025-02-21T18:12:27.183-05:00 level=INFO msg="Events per second" total=715 posts=47 "long posts"=42
time=2025-02-21T18:12:28.183-05:00 level=INFO msg="Events per second" total=734 posts=56 "long posts"=54
time=2025-02-21T18:12:29.183-05:00 level=INFO msg="Events per second" total=718 posts=60 "long posts"=51
time=2025-02-21T18:12:30.182-05:00 level=INFO msg="Events per second" total=709 posts=54 "long posts"=50
time=2025-02-21T18:12:31.182-05:00 level=INFO msg="Events per second" total=715 posts=44 "long posts"=42
time=2025-02-21T18:12:32.182-05:00 level=INFO msg="Events per second" total=689 posts=54 "long posts"=50
time=2025-02-21T18:12:33.182-05:00 level=INFO msg="Events per second" total=719 posts=58 "long posts"=57
time=2025-02-21T18:12:34.186-05:00 level=INFO msg="Events per second" total=666 posts=60 "long posts"=57
time=2025-02-21T18:12:35.183-05:00 level=INFO msg="Events per second" total=782 posts=56 "long posts"=52
time=2025-02-21T18:12:36.183-05:00 level=INFO msg="Events per second" total=688 posts=58 "long posts"=51
time=2025-02-21T18:12:37.183-05:00 level=INFO msg="Events per second" total=708 posts=47 "long posts"=43
time=2025-02-21T18:12:38.182-05:00 level=INFO msg="Events per second" total=646 posts=50 "long posts"=49
time=2025-02-21T18:12:39.183-05:00 level=INFO msg="Events per second" total=742 posts=60 "long posts"=58
time=2025-02-21T18:12:40.182-05:00 level=INFO msg="Events per second" total=671 posts=55 "long posts"=50
time=2025-02-21T18:12:41.183-05:00 level=INFO msg="Events per second" total=681 posts=49 "long posts"=47
time=2025-02-21T18:12:42.183-05:00 level=INFO msg="Events per second" total=701 posts=37 "long posts"=33
time=2025-02-21T18:12:43.183-05:00 level=INFO msg="Events per second" total=670 posts=52 "long posts"=50
time=2025-02-21T18:12:44.183-05:00 level=INFO msg="Events per second" total=706 posts=57 "long posts"=54
time=2025-02-21T18:12:45.182-05:00 level=INFO msg="Events per second" total=725 posts=70 "long posts"=65
time=2025-02-21T18:12:46.182-05:00 level=INFO msg="Events per second" total=657 posts=44 "long posts"=40
time=2025-02-21T18:12:47.183-05:00 level=INFO msg="Events per second" total=701 posts=43 "long posts"=41
time=2025-02-21T18:12:48.183-05:00 level=INFO msg="Events per second" total=706 posts=55 "long posts"=51
time=2025-02-21T18:12:49.183-05:00 level=INFO msg="Events per second" total=569 posts=39 "long posts"=33
time=2025-02-21T18:12:50.182-05:00 level=INFO msg="Events per second" total=788 posts=59 "long posts"=56
time=2025-02-21T18:12:51.182-05:00 level=INFO msg="Events per second" total=679 posts=50 "long posts"=45
time=2025-02-21T18:12:52.183-05:00 level=INFO msg="Events per second" total=713 posts=49 "long posts"=42
time=2025-02-21T18:12:53.182-05:00 level=INFO msg="Events per second" total=712 posts=48 "long posts"=45
time=2025-02-21T18:12:54.186-05:00 level=INFO msg="Events per second" total=686 posts=35 "long posts"=33
time=2025-02-21T18:12:55.182-05:00 level=INFO msg="Events per second" total=696 posts=53 "long posts"=50
time=2025-02-21T18:12:56.183-05:00 level=INFO msg="Events per second" total=697 posts=47 "long posts"=44
time=2025-02-21T18:12:57.184-05:00 level=INFO msg="Events per second" total=709 posts=62 "long posts"=57
time=2025-02-21T18:12:58.182-05:00 level=INFO msg="Events per second" total=720 posts=54 "long posts"=52
time=2025-02-21T18:12:59.183-05:00 level=INFO msg="Events per second" total=722 posts=50 "long posts"=46
time=2025-02-21T18:13:00.182-05:00 level=INFO msg="Events per second" total=740 posts=61 "long posts"=52
time=2025-02-21T18:13:01.182-05:00 level=INFO msg="Events per second" total=646 posts=40 "long posts"=36
time=2025-02-21T18:13:02.182-05:00 level=INFO msg="Events per second" total=559 posts=35 "long posts"=31
time=2025-02-21T18:13:03.182-05:00 level=INFO msg="Events per second" total=404 posts=26 "long posts"=25
time=2025-02-21T18:13:04.183-05:00 level=INFO msg="Events per second" total=488 posts=32 "long posts"=29
time=2025-02-21T18:13:05.182-05:00 level=INFO msg="Events per second" total=623 posts=46 "long posts"=39
time=2025-02-21T18:13:06.183-05:00 level=INFO msg="Events per second" total=1096 posts=93 "long posts"=86
time=2025-02-21T18:13:07.183-05:00 level=INFO msg="Events per second" total=1089 posts=87 "long posts"=80
time=2025-02-21T18:13:08.184-05:00 level=INFO msg="Events per second" total=678 posts=53 "long posts"=50
time=2025-02-21T18:13:09.184-05:00 level=INFO msg="Events per second" total=759 posts=58 "long posts"=57
time=2025-02-21T18:13:10.182-05:00 level=INFO msg="Events per second" total=731 posts=67 "long posts"=59
time=2025-02-21T18:13:11.183-05:00 level=INFO msg="Events per second" total=509 posts=39 "long posts"=38
time=2025-02-21T18:13:12.185-05:00 level=INFO msg="Events per second" total=926 posts=99 "long posts"=93
time=2025-02-21T18:13:13.182-05:00 level=INFO msg="Events per second" total=685 posts=51 "long posts"=50
time=2025-02-21T18:13:14.182-05:00 level=INFO msg="Events per second" total=686 posts=70 "long posts"=64
time=2025-02-21T18:13:15.182-05:00 level=INFO msg="Events per second" total=651 posts=63 "long posts"=60
time=2025-02-21T18:13:16.182-05:00 level=INFO msg="Events per second" total=765 posts=54 "long posts"=51
time=2025-02-21T18:13:17.182-05:00 level=INFO msg="Events per second" total=692 posts=56 "long posts"=52
time=2025-02-21T18:13:18.182-05:00 level=INFO msg="Events per second" total=674 posts=59 "long posts"=54
time=2025-02-21T18:13:19.183-05:00 level=INFO msg="Events per second" total=680 posts=41 "long posts"=37
time=2025-02-21T18:13:20.182-05:00 level=INFO msg="Events per second" total=719 posts=58 "long posts"=55
time=2025-02-21T18:13:21.182-05:00 level=INFO msg="Events per second" total=721 posts=49 "long posts"=46
time=2025-02-21T18:13:22.183-05:00 level=INFO msg="Events per second" total=582 posts=45 "long posts"=39
time=2025-02-21T18:13:23.182-05:00 level=INFO msg="Events per second" total=817 posts=69 "long posts"=63
time=2025-02-21T18:13:24.182-05:00 level=INFO msg="Events per second" total=732 posts=54 "long posts"=51
time=2025-02-21T18:13:25.182-05:00 level=INFO msg="Events per second" total=619 posts=42 "long posts"=38
time=2025-02-21T18:13:26.182-05:00 level=INFO msg="Events per second" total=798 posts=55 "long posts"=52
time=2025-02-21T18:13:27.183-05:00 level=INFO msg="Events per second" total=645 posts=40 "long posts"=40
time=2025-02-21T18:13:28.182-05:00 level=INFO msg="Events per second" total=719 posts=51 "long posts"=46
time=2025-02-21T18:13:29.183-05:00 level=INFO msg="Events per second" total=696 posts=47 "long posts"=44
time=2025-02-21T18:13:30.182-05:00 level=INFO msg="Events per second" total=689 posts=59 "long posts"=57
time=2025-02-21T18:13:31.183-05:00 level=INFO msg="Events per second" total=671 posts=53 "long posts"=49
time=2025-02-21T18:13:32.183-05:00 level=INFO msg="Events per second" total=700 posts=48 "long posts"=44
time=2025-02-21T18:13:33.183-05:00 level=INFO msg="Events per second" total=594 posts=42 "long posts"=39
time=2025-02-21T18:13:34.182-05:00 level=INFO msg="Events per second" total=750 posts=48 "long posts"=46
time=2025-02-21T18:13:35.182-05:00 level=INFO msg="Events per second" total=664 posts=43 "long posts"=38
time=2025-02-21T18:13:36.182-05:00 level=INFO msg="Events per second" total=720 posts=65 "long posts"=60
time=2025-02-21T18:13:37.182-05:00 level=INFO msg="Events per second" total=673 posts=44 "long posts"=41
time=2025-02-21T18:13:38.183-05:00 level=INFO msg="Events per second" total=691 posts=60 "long posts"=56
time=2025-02-21T18:13:39.182-05:00 level=INFO msg="Events per second" total=668 posts=61 "long posts"=55
time=2025-02-21T18:13:40.182-05:00 level=INFO msg="Events per second" total=713 posts=45 "long posts"=43
time=2025-02-21T18:13:41.182-05:00 level=INFO msg="Events per second" total=706 posts=52 "long posts"=47
time=2025-02-21T18:13:42.182-05:00 level=INFO msg="Events per second" total=693 posts=48 "long posts"=47
time=2025-02-21T18:13:43.182-05:00 level=INFO msg="Events per second" total=700 posts=47 "long posts"=43
time=2025-02-21T18:13:44.182-05:00 level=INFO msg="Events per second" total=705 posts=58 "long posts"=55
time=2025-02-21T18:13:45.185-05:00 level=INFO msg="Events per second" total=679 posts=60 "long posts"=54
time=2025-02-21T18:13:46.182-05:00 level=INFO msg="Events per second" total=693 posts=56 "long posts"=51
time=2025-02-21T18:13:47.184-05:00 level=INFO msg="Events per second" total=685 posts=51 "long posts"=48
time=2025-02-21T18:13:48.182-05:00 level=INFO msg="Events per second" total=715 posts=39 "long posts"=39
time=2025-02-21T18:13:49.182-05:00 level=INFO msg="Events per second" total=726 posts=53 "long posts"=51
time=2025-02-21T18:13:50.182-05:00 level=INFO msg="Events per second" total=728 posts=67 "long posts"=64
time=2025-02-21T18:13:51.182-05:00 level=INFO msg="Events per second" total=678 posts=53 "long posts"=51
time=2025-02-21T18:13:52.182-05:00 level=INFO msg="Events per second" total=724 posts=66 "long posts"=59
time=2025-02-21T18:13:53.190-05:00 level=INFO msg="Events per second" total=693 posts=45 "long posts"=41
time=2025-02-21T18:13:54.183-05:00 level=INFO msg="Events per second" total=756 posts=40 "long posts"=38
time=2025-02-21T18:13:55.182-05:00 level=INFO msg="Events per second" total=715 posts=56 "long posts"=50
time=2025-02-21T18:13:56.182-05:00 level=INFO msg="Events per second" total=687 posts=56 "long posts"=51
time=2025-02-21T18:13:57.182-05:00 level=INFO msg="Events per second" total=687 posts=45 "long posts"=44
time=2025-02-21T18:13:58.182-05:00 level=INFO msg="Events per second" total=735 posts=48 "long posts"=43
time=2025-02-21T18:13:59.183-05:00 level=INFO msg="Events per second" total=701 posts=47 "long posts"=45
time=2025-02-21T18:14:00.182-05:00 level=INFO msg="Events per second" total=673 posts=46 "long posts"=45
time=2025-02-21T18:14:01.182-05:00 level=INFO msg="Events per second" total=716 posts=45 "long posts"=40
time=2025-02-21T18:14:02.183-05:00 level=INFO msg="Events per second" total=511 posts=43 "long posts"=37
time=2025-02-21T18:14:03.183-05:00 level=INFO msg="Events per second" total=412 posts=34 "long posts"=30
time=2025-02-21T18:14:04.182-05:00 level=INFO msg="Events per second" total=477 posts=32 "long posts"=32
time=2025-02-21T18:14:05.182-05:00 level=INFO msg="Events per second" total=608 posts=45 "long posts"=41
time=2025-02-21T18:14:06.182-05:00 level=INFO msg="Events per second" total=1477 posts=112 "long posts"=107
time=2025-02-21T18:14:07.189-05:00 level=INFO msg="Events per second" total=695 posts=49 "long posts"=42
time=2025-02-21T18:14:08.182-05:00 level=INFO msg="Events per second" total=721 posts=63 "long posts"=63
time=2025-02-21T18:14:09.182-05:00 level=INFO msg="Events per second" total=732 posts=42 "long posts"=37
time=2025-02-21T18:14:10.182-05:00 level=INFO msg="Events per second" total=704 posts=40 "long posts"=40
time=2025-02-21T18:14:11.182-05:00 level=INFO msg="Events per second" total=667 posts=55 "long posts"=54
time=2025-02-21T18:14:12.182-05:00 level=INFO msg="Events per second" total=715 posts=56 "long posts"=53
time=2025-02-21T18:14:13.182-05:00 level=INFO msg="Events per second" total=722 posts=58 "long posts"=56
time=2025-02-21T18:14:14.182-05:00 level=INFO msg="Events per second" total=684 posts=53 "long posts"=49
time=2025-02-21T18:14:15.182-05:00 level=INFO msg="Events per second" total=664 posts=40 "long posts"=37
time=2025-02-21T18:14:16.182-05:00 level=INFO msg="Events per second" total=650 posts=45 "long posts"=41
time=2025-02-21T18:14:17.182-05:00 level=INFO msg="Events per second" total=737 posts=54 "long posts"=50
time=2025-02-21T18:14:18.182-05:00 level=INFO msg="Events per second" total=678 posts=44 "long posts"=43
time=2025-02-21T18:14:19.182-05:00 level=INFO msg="Events per second" total=730 posts=56 "long posts"=51
time=2025-02-21T18:14:20.182-05:00 level=INFO msg="Events per second" total=671 posts=52 "long posts"=48
time=2025-02-21T18:14:21.184-05:00 level=INFO msg="Events per second" total=702 posts=59 "long posts"=54
time=2025-02-21T18:14:22.182-05:00 level=INFO msg="Events per second" total=678 posts=46 "long posts"=45
time=2025-02-21T18:14:23.182-05:00 level=INFO msg="Events per second" total=740 posts=60 "long posts"=50
time=2025-02-21T18:14:24.182-05:00 level=INFO msg="Events per second" total=663 posts=42 "long posts"=39
time=2025-02-21T18:14:25.182-05:00 level=INFO msg="Events per second" total=724 posts=39 "long posts"=37
time=2025-02-21T18:14:26.182-05:00 level=INFO msg="Events per second" total=729 posts=40 "long posts"=37
time=2025-02-21T18:14:27.182-05:00 level=INFO msg="Events per second" total=643 posts=54 "long posts"=52
time=2025-02-21T18:14:28.183-05:00 level=INFO msg="Events per second" total=700 posts=42 "long posts"=37
time=2025-02-21T18:14:29.182-05:00 level=INFO msg="Events per second" total=700 posts=54 "long posts"=47
time=2025-02-21T18:14:30.182-05:00 level=INFO msg="Events per second" total=684 posts=51 "long posts"=47
time=2025-02-21T18:14:31.183-05:00 level=INFO msg="Events per second" total=697 posts=55 "long posts"=51
time=2025-02-21T18:14:32.182-05:00 level=INFO msg="Events per second" total=638 posts=56 "long posts"=52
time=2025-02-21T18:14:33.182-05:00 level=INFO msg="Events per second" total=667 posts=43 "long posts"=40
time=2025-02-21T18:14:34.183-05:00 level=INFO msg="Events per second" total=745 posts=49 "long posts"=45
time=2025-02-21T18:14:35.182-05:00 level=INFO msg="Events per second" total=695 posts=60 "long posts"=56
time=2025-02-21T18:14:36.188-05:00 level=INFO msg="Events per second" total=663 posts=53 "long posts"=46
time=2025-02-21T18:14:37.182-05:00 level=INFO msg="Events per second" total=668 posts=42 "long posts"=41
time=2025-02-21T18:14:38.182-05:00 level=INFO msg="Events per second" total=681 posts=40 "long posts"=37
time=2025-02-21T18:14:39.182-05:00 level=INFO msg="Events per second" total=629 posts=49 "long posts"=47
time=2025-02-21T18:14:40.182-05:00 level=INFO msg="Events per second" total=722 posts=62 "long posts"=58
time=2025-02-21T18:14:41.182-05:00 level=INFO msg="Events per second" total=703 posts=60 "long posts"=56
time=2025-02-21T18:14:42.182-05:00 level=INFO msg="Events per second" total=697 posts=44 "long posts"=41
time=2025-02-21T18:14:43.182-05:00 level=INFO msg="Events per second" total=656 posts=46 "long posts"=38
time=2025-02-21T18:14:44.182-05:00 level=INFO msg="Events per second" total=607 posts=59 "long posts"=42
time=2025-02-21T18:14:45.183-05:00 level=INFO msg="Events per second" total=702 posts=56 "long posts"=52
time=2025-02-21T18:14:46.182-05:00 level=INFO msg="Events per second" total=641 posts=56 "long posts"=52
time=2025-02-21T18:14:47.182-05:00 level=INFO msg="Events per second" total=715 posts=54 "long posts"=48
time=2025-02-21T18:14:48.182-05:00 level=INFO msg="Events per second" total=667 posts=48 "long posts"=43
time=2025-02-21T18:14:49.183-05:00 level=INFO msg="Events per second" total=680 posts=47 "long posts"=45
time=2025-02-21T18:14:50.182-05:00 level=INFO msg="Events per second" total=682 posts=51 "long posts"=45
time=2025-02-21T18:14:51.183-05:00 level=INFO msg="Events per second" total=678 posts=54 "long posts"=53
time=2025-02-21T18:14:52.183-05:00 level=INFO msg="Events per second" total=661 posts=41 "long posts"=39
time=2025-02-21T18:14:53.182-05:00 level=INFO msg="Events per second" total=669 posts=52 "long posts"=48
time=2025-02-21T18:14:54.183-05:00 level=INFO msg="Events per second" total=655 posts=53 "long posts"=48
time=2025-02-21T18:14:55.182-05:00 level=INFO msg="Events per second" total=669 posts=58 "long posts"=51
time=2025-02-21T18:14:56.182-05:00 level=INFO msg="Events per second" total=612 posts=58 "long posts"=54
time=2025-02-21T18:14:57.183-05:00 level=INFO msg="Events per second" total=673 posts=53 "long posts"=52
time=2025-02-21T18:14:58.182-05:00 level=INFO msg="Events per second" total=687 posts=50 "long posts"=46
time=2025-02-21T18:14:59.182-05:00 level=INFO msg="Events per second" total=668 posts=46 "long posts"=44
time=2025-02-21T18:15:00.184-05:00 level=INFO msg="Events per second" total=625 posts=74 "long posts"=71
time=2025-02-21T18:15:01.182-05:00 level=INFO msg="Events per second" total=714 posts=54 "long posts"=52
time=2025-02-21T18:15:02.182-05:00 level=INFO msg="Events per second" total=550 posts=44 "long posts"=42
time=2025-02-21T18:15:03.182-05:00 level=INFO msg="Events per second" total=413 posts=31 "long posts"=29
time=2025-02-21T18:15:04.182-05:00 level=INFO msg="Events per second" total=479 posts=33 "long posts"=30
time=2025-02-21T18:15:05.183-05:00 level=INFO msg="Events per second" total=628 posts=42 "long posts"=37
time=2025-02-21T18:15:06.182-05:00 level=INFO msg="Events per second" total=1291 posts=120 "long posts"=111
time=2025-02-21T18:15:07.182-05:00 level=INFO msg="Events per second" total=781 posts=49 "long posts"=46
time=2025-02-21T18:15:08.182-05:00 level=INFO msg="Events per second" total=718 posts=72 "long posts"=66
time=2025-02-21T18:15:09.182-05:00 level=INFO msg="Events per second" total=728 posts=54 "long posts"=52
time=2025-02-21T18:15:10.182-05:00 level=INFO msg="Events per second" total=700 posts=54 "long posts"=53
time=2025-02-21T18:15:11.181-05:00 level=INFO msg="Events per second" total=709 posts=55 "long posts"=51
time=2025-02-21T18:15:12.181-05:00 level=INFO msg="Events per second" total=706 posts=52 "long posts"=46
time=2025-02-21T18:15:13.182-05:00 level=INFO msg="Events per second" total=733 posts=62 "long posts"=53
time=2025-02-21T18:15:14.182-05:00 level=INFO msg="Events per second" total=720 posts=59 "long posts"=53
time=2025-02-21T18:15:15.188-05:00 level=INFO msg="Events per second" total=669 posts=53 "long posts"=50
time=2025-02-21T18:15:16.182-05:00 level=INFO msg="Events per second" total=644 posts=43 "long posts"=40
time=2025-02-21T18:15:17.182-05:00 level=INFO msg="Events per second" total=696 posts=51 "long posts"=44
time=2025-02-21T18:15:18.181-05:00 level=INFO msg="Events per second" total=681 posts=53 "long posts"=48
time=2025-02-21T18:15:19.182-05:00 level=INFO msg="Events per second" total=618 posts=52 "long posts"=49
time=2025-02-21T18:15:20.182-05:00 level=INFO msg="Events per second" total=712 posts=49 "long posts"=46
time=2025-02-21T18:15:21.182-05:00 level=INFO msg="Events per second" total=684 posts=47 "long posts"=44
time=2025-02-21T18:15:22.182-05:00 level=INFO msg="Events per second" total=743 posts=53 "long posts"=50
time=2025-02-21T18:15:23.182-05:00 level=INFO msg="Events per second" total=694 posts=57 "long posts"=50
time=2025-02-21T18:15:24.181-05:00 level=INFO msg="Events per second" total=674 posts=52 "long posts"=49
time=2025-02-21T18:15:25.182-05:00 level=INFO msg="Events per second" total=675 posts=55 "long posts"=52
time=2025-02-21T18:15:26.183-05:00 level=INFO msg="Events per second" total=650 posts=42 "long posts"=39
time=2025-02-21T18:15:27.182-05:00 level=INFO msg="Events per second" total=676 posts=59 "long posts"=56
time=2025-02-21T18:15:28.182-05:00 level=INFO msg="Events per second" total=664 posts=58 "long posts"=56
time=2025-02-21T18:15:29.182-05:00 level=INFO msg="Events per second" total=698 posts=44 "long posts"=41
time=2025-02-21T18:15:30.183-05:00 level=INFO msg="Events per second" total=686 posts=55 "long posts"=51
time=2025-02-21T18:15:31.181-05:00 level=INFO msg="Events per second" total=693 posts=59 "long posts"=56
time=2025-02-21T18:15:32.182-05:00 level=INFO msg="Events per second" total=686 posts=61 "long posts"=55
time=2025-02-21T18:15:33.181-05:00 level=INFO msg="Events per second" total=671 posts=57 "long posts"=56
time=2025-02-21T18:15:34.181-05:00 level=INFO msg="Events per second" total=730 posts=61 "long posts"=56
time=2025-02-21T18:15:35.181-05:00 level=INFO msg="Events per second" total=712 posts=54 "long posts"=48
time=2025-02-21T18:15:36.182-05:00 level=INFO msg="Events per second" total=702 posts=54 "long posts"=50
time=2025-02-21T18:15:37.181-05:00 level=INFO msg="Events per second" total=743 posts=49 "long posts"=42
time=2025-02-21T18:15:38.181-05:00 level=INFO msg="Events per second" total=697 posts=48 "long posts"=43
time=2025-02-21T18:15:39.184-05:00 level=INFO msg="Events per second" total=690 posts=62 "long posts"=56
time=2025-02-21T18:15:40.181-05:00 level=INFO msg="Events per second" total=635 posts=50 "long posts"=48
time=2025-02-21T18:15:41.182-05:00 level=INFO msg="Events per second" total=647 posts=57 "long posts"=57
time=2025-02-21T18:15:42.182-05:00 level=INFO msg="Events per second" total=649 posts=59 "long posts"=51
time=2025-02-21T18:15:43.181-05:00 level=INFO msg="Events per second" total=693 posts=58 "long posts"=53
time=2025-02-21T18:15:44.183-05:00 level=INFO msg="Events per second" total=710 posts=58 "long posts"=51
time=2025-02-21T18:15:45.182-05:00 level=INFO msg="Events per second" total=677 posts=53 "long posts"=51
time=2025-02-21T18:15:46.182-05:00 level=INFO msg="Events per second" total=669 posts=48 "long posts"=45
time=2025-02-21T18:15:47.182-05:00 level=INFO msg="Events per second" total=625 posts=59 "long posts"=56
time=2025-02-21T18:15:48.181-05:00 level=INFO msg="Events per second" total=709 posts=60 "long posts"=55
time=2025-02-21T18:15:49.185-05:00 level=INFO msg="Events per second" total=714 posts=46 "long posts"=38
time=2025-02-21T18:15:50.182-05:00 level=INFO msg="Events per second" total=684 posts=61 "long posts"=56
time=2025-02-21T18:15:51.182-05:00 level=INFO msg="Events per second" total=675 posts=48 "long posts"=44
time=2025-02-21T18:15:52.182-05:00 level=INFO msg="Events per second" total=688 posts=48 "long posts"=46
time=2025-02-21T18:15:53.181-05:00 level=INFO msg="Events per second" total=707 posts=62 "long posts"=58
time=2025-02-21T18:15:54.181-05:00 level=INFO msg="Events per second" total=608 posts=47 "long posts"=43
time=2025-02-21T18:15:55.182-05:00 level=INFO msg="Events per second" total=742 posts=48 "long posts"=45
time=2025-02-21T18:15:56.181-05:00 level=INFO msg="Events per second" total=656 posts=49 "long posts"=45
time=2025-02-21T18:15:57.181-05:00 level=INFO msg="Events per second" total=705 posts=58 "long posts"=56
time=2025-02-21T18:15:58.181-05:00 level=INFO msg="Events per second" total=641 posts=44 "long posts"=42
